#
# There is insufficient memory for the Java Runtime Environment to continue.
# Native memory allocation (mmap) failed to map 134217728 bytes for G1 virtual space
# Possible reasons:
#   The system is out of physical RAM or swap space
#   The process is running with CompressedOops enabled, and the Java Heap may be blocking the growth of the native heap
# Possible solutions:
#   Reduce memory load on the system
#   Increase physical memory or swap space
#   Check if swap backing store is full
#   Decrease Java heap size (-Xmx/-Xms)
#   Decrease number of Java threads
#   Decrease Java thread stack sizes (-Xss)
#   Set larger code cache with -XX:ReservedCodeCacheSize=
#   JVM is running with Unscaled Compressed Oops mode in which the Java heap is
#     placed in the first 4GB address space. The Java Heap base address is the
#     maximum limit for the native heap growth. Please use -XX:HeapBaseMinAddress
#     to set the Java Heap base and to place the Java Heap above 4GB virtual address.
# This output file may be truncated or incomplete.
#
#  Out of Memory Error (os_windows.cpp:3613), pid=7368, tid=10268
#
# JRE version:  (17.0.10+7) (build )
# Java VM: OpenJDK 64-Bit Server VM (17.0.10+7, mixed mode, sharing, tiered, compressed oops, compressed class ptrs, g1 gc, windows-amd64)
# No core dump will be written. Minidumps are not enabled by default on client versions of Windows
#

---------------  S U M M A R Y ------------

Command Line: -Dnet.bytebuddy.agent.attacher.dump= net.bytebuddy.agent.Attacher com.sun.tools.attach.VirtualMachine 9632 C:\Users\FCFM-8\.m2\repository\net\bytebuddy\byte-buddy-agent\1.14.12\byte-buddy-agent-1.14.12.jar false 

Host: Intel(R) Core(TM) i7-3770S CPU @ 3.10GHz, 8 cores, 7G,  Windows 10 , 64 bit Build 19041 (10.0.19041.3636)
Time: Thu Mar 14 18:17:30 2024 Hora estándar central (México) elapsed time: 0.011998 seconds (0d 0h 0m 0s)

---------------  T H R E A D  ---------------

Current thread (0x0000026bb6290630):  JavaThread "Unknown thread" [_thread_in_vm, id=10268, stack(0x00000096a0d00000,0x00000096a0e00000)]

Stack: [0x00000096a0d00000,0x00000096a0e00000]
Native frames: (J=compiled Java code, j=interpreted, Vv=VM code, C=native code)
V  [jvm.dll+0x67d2c9]
V  [jvm.dll+0x834afa]
V  [jvm.dll+0x8365be]
V  [jvm.dll+0x836c23]
V  [jvm.dll+0x2477ff]
V  [jvm.dll+0x67a109]
V  [jvm.dll+0x66eb7a]
V  [jvm.dll+0x30764b]
V  [jvm.dll+0x30eaf6]
V  [jvm.dll+0x35e83e]
V  [jvm.dll+0x35ea6f]
V  [jvm.dll+0x2de248]
V  [jvm.dll+0x2df1b4]
V  [jvm.dll+0x806361]
V  [jvm.dll+0x36c6f1]
V  [jvm.dll+0x7e4e06]
V  [jvm.dll+0x3eff3f]
V  [jvm.dll+0x3f1b71]
C  [jli.dll+0x528f]
C  [ucrtbase.dll+0x21bb2]
C  [KERNEL32.DLL+0x17344]
C  [ntdll.dll+0x526b1]


---------------  P R O C E S S  ---------------

Threads class SMR info:
_java_thread_list=0x00007ffd6899ee98, length=0, elements={
}

Java Threads: ( => current thread )

Other Threads:
  0x0000026bb62e9e30 GCTaskThread "GC Thread#0" [stack: 0x00000096a0e00000,0x00000096a0f00000] [id=8688]
  0x0000026bb62fa8a0 ConcurrentGCThread "G1 Main Marker" [stack: 0x00000096a0f00000,0x00000096a1000000] [id=9200]
  0x0000026bb62fb900 ConcurrentGCThread "G1 Conc#0" [stack: 0x00000096a1000000,0x00000096a1100000] [id=3896]

[error occurred during error reporting (printing all threads), id 0xc0000005, EXCEPTION_ACCESS_VIOLATION (0xc0000005) at pc=0x00007ffd6815ec87]

VM state: not at safepoint (not fully initialized)

VM Mutex/Monitor currently owned by a thread:  ([mutex/lock_event])
[0x0000026bb628b1a0] Heap_lock - owner thread: 0x0000026bb6290630

Heap address: 0x0000000081c00000, size: 2020 MB, Compressed Oops mode: 32-bit

CDS archive(s) mapped at: [0x0000000000000000-0x0000000000000000-0x0000000000000000), size 0, SharedBaseAddress: 0x0000000800000000, ArchiveRelocationMode: 1.
Narrow klass base: 0x0000000000000000, Narrow klass shift: 0, Narrow klass range: 0x0

GC Precious Log:
<Empty>

Heap:
 garbage-first heap   total 0K, used 0K [0x0000000081c00000, 0x0000000100000000)
  region size 1024K, 0 young (0K), 0 survivors (0K)

[error occurred during error reporting (printing heap information), id 0xc0000005, EXCEPTION_ACCESS_VIOLATION (0xc0000005) at pc=0x00007ffd68546fb9]

GC Heap History (0 events):
No events

Dll operation events (1 events):
Event: 0.006 Loaded shared library C:\Users\FCFM-8\Downloads\hola\sts-4.22.0.RELEASE\plugins\org.eclipse.justj.openjdk.hotspot.jre.full.win32.x86_64_17.0.10.v20240120-1143\jre\bin\java.dll

Deoptimization events (0 events):
No events

Classes unloaded (0 events):
No events

Classes redefined (0 events):
No events

Internal exceptions (0 events):
No events

VM Operations (0 events):
No events

Events (0 events):
No events


Dynamic libraries:
0x00007ff7a9f40000 - 0x00007ff7a9f4e000 	C:\Users\FCFM-8\Downloads\hola\sts-4.22.0.RELEASE\plugins\org.eclipse.justj.openjdk.hotspot.jre.full.win32.x86_64_17.0.10.v20240120-1143\jre\bin\java.exe
0x00007ffd92790000 - 0x00007ffd92988000 	C:\Windows\SYSTEM32\ntdll.dll
0x00007ffd91640000 - 0x00007ffd916fd000 	C:\Windows\System32\KERNEL32.DLL
0x00007ffd90040000 - 0x00007ffd90336000 	C:\Windows\System32\KERNELBASE.dll
0x00007ffd906d0000 - 0x00007ffd907d0000 	C:\Windows\System32\ucrtbase.dll
0x00007ffd89f80000 - 0x00007ffd89f97000 	C:\Users\FCFM-8\Downloads\hola\sts-4.22.0.RELEASE\plugins\org.eclipse.justj.openjdk.hotspot.jre.full.win32.x86_64_17.0.10.v20240120-1143\jre\bin\jli.dll
0x00007ffd87bf0000 - 0x00007ffd87c0b000 	C:\Users\FCFM-8\Downloads\hola\sts-4.22.0.RELEASE\plugins\org.eclipse.justj.openjdk.hotspot.jre.full.win32.x86_64_17.0.10.v20240120-1143\jre\bin\VCRUNTIME140.dll
0x00007ffd922c0000 - 0x00007ffd9245e000 	C:\Windows\System32\USER32.dll
0x00007ffd82790000 - 0x00007ffd82a2a000 	C:\Windows\WinSxS\amd64_microsoft.windows.common-controls_6595b64144ccf1df_6.0.19041.3636_none_60b6a03d71f818d5\COMCTL32.dll
0x00007ffd8ff70000 - 0x00007ffd8ff92000 	C:\Windows\System32\win32u.dll
0x00007ffd92720000 - 0x00007ffd9274b000 	C:\Windows\System32\GDI32.dll
0x00007ffd92480000 - 0x00007ffd9251e000 	C:\Windows\System32\msvcrt.dll
0x00007ffd8fe50000 - 0x00007ffd8ff67000 	C:\Windows\System32\gdi32full.dll
0x00007ffd8ffa0000 - 0x00007ffd9003d000 	C:\Windows\System32\msvcp_win.dll
0x00007ffd915f0000 - 0x00007ffd91622000 	C:\Windows\System32\IMM32.DLL
0x00007ffd89f70000 - 0x00007ffd89f7c000 	C:\Users\FCFM-8\Downloads\hola\sts-4.22.0.RELEASE\plugins\org.eclipse.justj.openjdk.hotspot.jre.full.win32.x86_64_17.0.10.v20240120-1143\jre\bin\vcruntime140_1.dll
0x00007ffd79aa0000 - 0x00007ffd79b2d000 	C:\Users\FCFM-8\Downloads\hola\sts-4.22.0.RELEASE\plugins\org.eclipse.justj.openjdk.hotspot.jre.full.win32.x86_64_17.0.10.v20240120-1143\jre\bin\msvcp140.dll
0x00007ffd67e70000 - 0x00007ffd68ad2000 	C:\Users\FCFM-8\Downloads\hola\sts-4.22.0.RELEASE\plugins\org.eclipse.justj.openjdk.hotspot.jre.full.win32.x86_64_17.0.10.v20240120-1143\jre\bin\server\jvm.dll
0x00007ffd914b0000 - 0x00007ffd91563000 	C:\Windows\System32\ADVAPI32.dll
0x00007ffd925b0000 - 0x00007ffd9264f000 	C:\Windows\System32\sechost.dll
0x00007ffd91b20000 - 0x00007ffd91c46000 	C:\Windows\System32\RPCRT4.dll
0x00007ffd90460000 - 0x00007ffd90487000 	C:\Windows\System32\bcrypt.dll
0x00007ffd8b6f0000 - 0x00007ffd8b6f9000 	C:\Windows\SYSTEM32\WSOCK32.dll
0x00007ffd8f810000 - 0x00007ffd8f85b000 	C:\Windows\SYSTEM32\POWRPROF.dll
0x00007ffd82390000 - 0x00007ffd823b7000 	C:\Windows\SYSTEM32\WINMM.dll
0x00007ffd91280000 - 0x00007ffd912eb000 	C:\Windows\System32\WS2_32.dll
0x00007ffd86230000 - 0x00007ffd8623a000 	C:\Windows\SYSTEM32\VERSION.dll
0x00007ffd8f7c0000 - 0x00007ffd8f7d2000 	C:\Windows\SYSTEM32\UMPDC.dll
0x00007ffd8dd20000 - 0x00007ffd8dd32000 	C:\Windows\SYSTEM32\kernel.appcore.dll
0x00007ffd8ab60000 - 0x00007ffd8ab6a000 	C:\Users\FCFM-8\Downloads\hola\sts-4.22.0.RELEASE\plugins\org.eclipse.justj.openjdk.hotspot.jre.full.win32.x86_64_17.0.10.v20240120-1143\jre\bin\jimage.dll
0x00007ffd88e70000 - 0x00007ffd89054000 	C:\Windows\SYSTEM32\DBGHELP.DLL
0x00007ffd88a30000 - 0x00007ffd88a64000 	C:\Windows\SYSTEM32\dbgcore.DLL
0x00007ffd904e0000 - 0x00007ffd90562000 	C:\Windows\System32\bcryptPrimitives.dll
0x00007ffd7db20000 - 0x00007ffd7db45000 	C:\Users\FCFM-8\Downloads\hola\sts-4.22.0.RELEASE\plugins\org.eclipse.justj.openjdk.hotspot.jre.full.win32.x86_64_17.0.10.v20240120-1143\jre\bin\java.dll

dbghelp: loaded successfully - version: 4.0.5 - missing functions: none
symbol engine: initialized successfully - sym options: 0x614 - pdb path: .;C:\Users\FCFM-8\Downloads\hola\sts-4.22.0.RELEASE\plugins\org.eclipse.justj.openjdk.hotspot.jre.full.win32.x86_64_17.0.10.v20240120-1143\jre\bin;C:\Windows\SYSTEM32;C:\Windows\WinSxS\amd64_microsoft.windows.common-controls_6595b64144ccf1df_6.0.19041.3636_none_60b6a03d71f818d5;C:\Users\FCFM-8\Downloads\hola\sts-4.22.0.RELEASE\plugins\org.eclipse.justj.openjdk.hotspot.jre.full.win32.x86_64_17.0.10.v20240120-1143\jre\bin\server

VM Arguments:
jvm_args: -Dnet.bytebuddy.agent.attacher.dump= 
java_command: net.bytebuddy.agent.Attacher com.sun.tools.attach.VirtualMachine 9632 C:\Users\FCFM-8\.m2\repository\net\bytebuddy\byte-buddy-agent\1.14.12\byte-buddy-agent-1.14.12.jar false 
java_class_path (initial): C:\Users\FCFM-8\.m2\repository\net\bytebuddy\byte-buddy-agent\1.14.12\byte-buddy-agent-1.14.12.jar
Launcher Type: SUN_STANDARD

[Global flags]
     intx CICompilerCount                          = 4                                         {product} {ergonomic}
     uint ConcGCThreads                            = 2                                         {product} {ergonomic}
     uint G1ConcRefinementThreads                  = 8                                         {product} {ergonomic}
   size_t G1HeapRegionSize                         = 1048576                                   {product} {ergonomic}
    uintx GCDrainStackTargetSize                   = 64                                        {product} {ergonomic}
   size_t InitialHeapSize                          = 134217728                                 {product} {ergonomic}
   size_t MarkStackSize                            = 4194304                                   {product} {ergonomic}
   size_t MaxHeapSize                              = 2118123520                                {product} {ergonomic}
   size_t MinHeapDeltaBytes                        = 1048576                                   {product} {ergonomic}
   size_t MinHeapSize                              = 8388608                                   {product} {ergonomic}
    uintx NonNMethodCodeHeapSize                   = 5839372                                {pd product} {ergonomic}
    uintx NonProfiledCodeHeapSize                  = 122909434                              {pd product} {ergonomic}
    uintx ProfiledCodeHeapSize                     = 122909434                              {pd product} {ergonomic}
    uintx ReservedCodeCacheSize                    = 251658240                              {pd product} {ergonomic}
     bool SegmentedCodeCache                       = true                                      {product} {ergonomic}
   size_t SoftMaxHeapSize                          = 2118123520                             {manageable} {ergonomic}
     bool UseCompressedClassPointers               = true                           {product lp64_product} {ergonomic}
     bool UseCompressedOops                        = true                           {product lp64_product} {ergonomic}
     bool UseG1GC                                  = true                                      {product} {ergonomic}
     bool UseLargePagesIndividualAllocation        = false                                  {pd product} {ergonomic}

Logging:
Log output configuration:
 #0: stdout all=warning uptime,level,tags
 #1: stderr all=off uptime,level,tags

Environment Variables:
JAVA_HOME=C:\Program Files\Java\jdk-11
PATH=C:/Users/FCFM-8/Downloads/hola/sts-4.22.0.RELEASE//plugins/org.eclipse.justj.openjdk.hotspot.jre.full.win32.x86_64_17.0.10.v20240120-1143/jre/bin/server;C:/Users/FCFM-8/Downloads/hola/sts-4.22.0.RELEASE//plugins/org.eclipse.justj.openjdk.hotspot.jre.full.win32.x86_64_17.0.10.v20240120-1143/jre/bin;C:\Program Files\Common Files\Oracle\Java\javapath;C:\Program Files\Python312\Scripts\;C:\Program Files\Python312\;C:\Windows\system32;C:\Windows;C:\Windows\System32\Wbem;C:\Windows\System32\WindowsPowerShell\v1.0\;C:\Windows\System32\OpenSSH\;C:\Program Files\dotnet\;C:\Program Files\Microsoft SQL Server\150\Tools\Binn\;C:\Program Files\Microsoft SQL Server\Client SDK\ODBC\170\Tools\Binn\;C:\Program Files\Git\cmd;";C:\Program Files\Java\jdk-11\bin";C:\apache-maven-3.9.6\aqui\bin;C:\apache-maven-3.9.6-bin\apache-maven-3.9.6\bin;C:\Users\FCFM-8\AppData\Local\Programs\Python\Python311\Scripts\;C:\Users\FCFM-8\AppData\Local\Programs\Python\Python311\;C:\Users\FCFM-8\AppData\Local\Microsoft\WindowsApps;C:\Users\FCFM-8\Desktop\Microsoft VS Code\bin;C:\ffmpeg\bin;C:\Users\FCFM-8\.dotnet\tools;C:\Users\FCFM-8\Downloads\hola\sts-4.22.0.RELEASE;
USERNAME=FCFM-8
OS=Windows_NT
PROCESSOR_IDENTIFIER=Intel64 Family 6 Model 58 Stepping 9, GenuineIntel
TMP=C:\Users\FCFM-8\AppData\Local\Temp
TEMP=C:\Users\FCFM-8\AppData\Local\Temp



Periodic native trim disabled


---------------  S Y S T E M  ---------------

OS:
 Windows 10 , 64 bit Build 19041 (10.0.19041.3636)
OS uptime: 0 days 6:37 hours

CPU: total 8 (initial active 8) (4 cores per cpu, 2 threads per core) family 6 model 58 stepping 9 microcode 0x21, cx8, cmov, fxsr, ht, mmx, sse, sse2, sse3, ssse3, sse4.1, sse4.2, popcnt, tsc, tscinvbit, avx, aes, erms, clmul, vzeroupper, clflush
Processor Information for all 8 processors :
  Max Mhz: 3101, Current Mhz: 3101, Mhz Limit: 3101

Memory: 4k page, system-wide physical 8074M (809M free)
TotalPageFile size 10090M (AvailPageFile size 104M)
current process WorkingSet (physical memory assigned to process): 10M, peak: 10M
current process commit charge ("private bytes"): 60M, peak: 188M

vm_info: OpenJDK 64-Bit Server VM (17.0.10+7) for windows-amd64 JRE (17.0.10+7), built on Jan 16 2024 23:25:11 by "admin" with MS VC++ 16.10 / 16.11 (VS2019)

END.
